<?xml version="1.0" encoding="UTF-8"?>
<!-- Generated by org.testng.reporters.JUnitReportReporter -->
<testsuite hostname="Oprekin-PC" failures="0" tests="4" name="testcases.LoginTest" time="41.549" errors="0" timestamp="2022-03-19T09:53:01 IST" skipped="0">
  <testcase classname="testcases.LoginTest" name="LoginSuccessTest" time="11.106"/>
  <system-out/>
  <testcase classname="testcases.LoginTest" name="ParameterizedTest" time="8.895"/>
  <system-out/>
  <testcase classname="testcases.LoginTest" name="LoginFailiureTest" time="10.878"/>
  <system-out/>
  <testcase classname="testcases.LoginTest" name="ExternalDataTest" time="10.670"/>
  <system-out/>
</testsuite> <!-- testcases.LoginTest -->
