<?xml version="1.0" encoding="UTF-8"?>
<!-- Generated by org.testng.reporters.JUnitReportReporter -->
<testsuite hostname="Oprekin-PC" failures="0" tests="1" name="testcases.HomeTest" time="2.603" errors="0" timestamp="2022-03-19T09:53:01 IST" skipped="0">
  <testcase classname="testcases.HomeTest" name="test1" time="2.603"/>
  <system-out/>
</testsuite> <!-- testcases.HomeTest -->
