<?xml version="1.0" encoding="UTF-8"?>
<!-- Generated by org.testng.reporters.JUnitReportReporter -->
<testsuite skipped="0" hostname="Oprekin-PC" name="testcases.LoginTest" tests="4" failures="0" timestamp="2022-03-19T12:11:08 IST" time="65.483" errors="0">
  <testcase name="LoginFailiureTest" time="15.138" classname="testcases.LoginTest"/>
  <system-out/>
  <testcase name="LoginSuccessTest" time="14.734" classname="testcases.LoginTest"/>
  <system-out/>
  <testcase name="ExternalDataTest" time="17.358" classname="testcases.LoginTest"/>
  <system-out/>
  <testcase name="ParameterizedTest" time="18.253" classname="testcases.LoginTest"/>
  <system-out/>
</testsuite> <!-- testcases.LoginTest -->
